C:\USERS\GABRIEL\DOCUMENTS\TEC\COMPUTACIóN Y REDES COMPUTACIONALES\INTERFACES DE EQUIPOS DE CóMPUTO\LAB\PRACTICA FINAL\PRACTICA5_ARCHIVOS\HID_APP\DEBUG\PPAL.OBJ
C:\USERS\GABRIEL\DOCUMENTS\TEC\COMPUTACIÓN Y REDES COMPUTACIONALES\INTERFACES DE EQUIPOS DE CÓMPUTO\LAB\PRACTICA FINAL\PRACTICA5_ARCHIVOS\HID_APP\DEBUG\VC110.PDB
C:\USERS\GABRIEL\DOCUMENTS\TEC\COMPUTACIóN Y REDES COMPUTACIONALES\INTERFACES DE EQUIPOS DE CóMPUTO\LAB\PRACTICA FINAL\PRACTICA5_ARCHIVOS\HID_APP\DEBUG\HID_APP.ILK
C:\USERS\GABRIEL\DOCUMENTS\TEC\COMPUTACIóN Y REDES COMPUTACIONALES\INTERFACES DE EQUIPOS DE CóMPUTO\LAB\PRACTICA FINAL\PRACTICA5_ARCHIVOS\HID_APP\DEBUG\HID_APP.EXE
C:\USERS\GABRIEL\DOCUMENTS\TEC\COMPUTACIÓN Y REDES COMPUTACIONALES\INTERFACES DE EQUIPOS DE CÓMPUTO\LAB\PRACTICA FINAL\PRACTICA5_ARCHIVOS\HID_APP\DEBUG\HID_APP.PDB
C:\Users\Gabriel\Documents\TEC\Computación y redes computacionales\Interfaces de equipos de cómputo\Lab\Practica final\Practica5_archivos\HID_App\Debug\Ppal.obj
C:\Users\Gabriel\Documents\TEC\Computación y redes computacionales\Interfaces de equipos de cómputo\Lab\Practica final\Practica5_archivos\HID_App\Debug\HID_App.ilk
C:\Users\Gabriel\Documents\TEC\Computación y redes computacionales\Interfaces de equipos de cómputo\Lab\Practica final\Practica5_archivos\HID_App\Debug\cl.command.1.tlog
C:\Users\Gabriel\Documents\TEC\Computación y redes computacionales\Interfaces de equipos de cómputo\Lab\Practica final\Practica5_archivos\HID_App\Debug\CL.read.1.tlog
C:\Users\Gabriel\Documents\TEC\Computación y redes computacionales\Interfaces de equipos de cómputo\Lab\Practica final\Practica5_archivos\HID_App\Debug\CL.write.1.tlog
C:\Users\Gabriel\Documents\TEC\Computación y redes computacionales\Interfaces de equipos de cómputo\Lab\Practica final\Practica5_archivos\HID_App\Debug\link-cvtres.read.1.tlog
C:\Users\Gabriel\Documents\TEC\Computación y redes computacionales\Interfaces de equipos de cómputo\Lab\Practica final\Practica5_archivos\HID_App\Debug\link-cvtres.write.1.tlog
C:\Users\Gabriel\Documents\TEC\Computación y redes computacionales\Interfaces de equipos de cómputo\Lab\Practica final\Practica5_archivos\HID_App\Debug\link-rc.read.1.tlog
C:\Users\Gabriel\Documents\TEC\Computación y redes computacionales\Interfaces de equipos de cómputo\Lab\Practica final\Practica5_archivos\HID_App\Debug\link-rc.write.1.tlog
C:\Users\Gabriel\Documents\TEC\Computación y redes computacionales\Interfaces de equipos de cómputo\Lab\Practica final\Practica5_archivos\HID_App\Debug\link.command.1.tlog
C:\Users\Gabriel\Documents\TEC\Computación y redes computacionales\Interfaces de equipos de cómputo\Lab\Practica final\Practica5_archivos\HID_App\Debug\link.read.1.tlog
C:\Users\Gabriel\Documents\TEC\Computación y redes computacionales\Interfaces de equipos de cómputo\Lab\Practica final\Practica5_archivos\HID_App\Debug\link.write.1.tlog
C:\Users\Gabriel\Documents\TEC\Computación y redes computacionales\Interfaces de equipos de cómputo\Lab\Practica final\Practica5_archivos\HID_App\Debug\vc110.idb
C:\Users\Gabriel\Documents\TEC\Computación y redes computacionales\Interfaces de equipos de cómputo\Lab\Practica final\Practica5_archivos\HID_App\Debug\HID_App.pdb
C:\Users\Gabriel\Documents\TEC\Computación y redes computacionales\Interfaces de equipos de cómputo\Lab\Practica final\Practica5_archivos\HID_App\Debug\vc110.pdb
